0:100  0:100  MemLog inited, TSC freq: 2400340880
0:100  0:000  CPU was calibrated with RTC
0:100  0:000  
0:100  0:000  Now is 11.8.2019,  10:6:7 (GMT)
0:100  0:000  Starting Clover revision: 5033 on American Megatrends EFI
0:100  0:000  Build with: [Args: -D NO_GRUB_DRIVERS_EMBEDDED | -D NO_GRUB_DRIVERS_EMBEDDED -D USE_LOW_EBDA -D HAVE_LEGACY_EMURUNTIMEDXE -a X64 -b RELEASE -t XCODE8 -n 5 | OS: 10.13.6 | XCODE: 10.1]
0:100  0:000  SelfDevicePath=PciRoot(0x0)\Pci(0x17,0x0)\Sata(0x0,0xFFFF,0x0)\HD(1,GPT,543D0DB3-58FB-4F74-AA42-B10E0EE2DFF5,0x28,0x64000) @986F5B58
0:100  0:000  SelfDirPath = \EFI\BOOT
0:105  0:004  === [ Get Smbios ] ========================================
0:110  0:004  Type 16 Index = 0
0:110  0:000  Total Memory Slots Count = 4
0:110  0:000  Type 17 Index = 0
0:110  0:000  Ignoring insane frequency value 0MHz
0:110  0:000  SmbiosTable.Type17->Speed = 0MHz
0:110  0:000  SmbiosTable.Type17->Size = 0MB
0:110  0:000  SmbiosTable.Type17->Bank/Device = BANK 0 ChannelA-DIMM0
0:110  0:000  SmbiosTable.Type17->Vendor = <null string>
0:110  0:000  SmbiosTable.Type17->SerialNumber = <null string>
0:110  0:000  SmbiosTable.Type17->PartNumber = <null string>
0:110  0:000  Type 17 Index = 1
0:110  0:000  Ignoring insane frequency value 0MHz
0:110  0:000  SmbiosTable.Type17->Speed = 0MHz
0:110  0:000  SmbiosTable.Type17->Size = 0MB
0:110  0:000  SmbiosTable.Type17->Bank/Device = BANK 1 ChannelA-DIMM1
0:110  0:000  SmbiosTable.Type17->Vendor = <null string>
0:110  0:000  SmbiosTable.Type17->SerialNumber = <null string>
0:110  0:000  SmbiosTable.Type17->PartNumber = <null string>
0:110  0:000  Type 17 Index = 2
0:110  0:000  SmbiosTable.Type17->Speed = 2400MHz
0:110  0:000  SmbiosTable.Type17->Size = 4096MB
0:110  0:000  SmbiosTable.Type17->Bank/Device = BANK 2 ChannelB-DIMM0
0:110  0:000  SmbiosTable.Type17->Vendor = Samsung
0:110  0:000  SmbiosTable.Type17->SerialNumber = 17D25541
0:110  0:000  SmbiosTable.Type17->PartNumber = M471A5244CB0-CRC    
0:110  0:000  Type 17 Index = 3
0:110  0:000  Ignoring insane frequency value 0MHz
0:110  0:000  SmbiosTable.Type17->Speed = 0MHz
0:110  0:000  SmbiosTable.Type17->Size = 0MB
0:110  0:000  SmbiosTable.Type17->Bank/Device = BANK 3 ChannelB-DIMM1
0:110  0:000  SmbiosTable.Type17->Vendor = <null string>
0:110  0:000  SmbiosTable.Type17->SerialNumber = <null string>
0:110  0:000  SmbiosTable.Type17->PartNumber = <null string>
0:110  0:000  Boot status=0
0:110  0:000  Running on: 'X541UAK' with board 'X541UAK'
0:110  0:000  === [ GetCPUProperties ] ==================================
0:110  0:000  CPU Vendor = 756E6547 Model=806E9
0:110  0:000   The CPU supported SSE4.1
0:110  0:000  BrandString = Intel(R) Core(TM) i3-7100U CPU @ 2.40GHz
0:110  0:000   The CPU not supported turbo
0:110  0:000  MSR 0x35               20004
0:110  0:000   TSC/CCC Information Leaf:
0:110  0:000    numerator     : 200
0:110  0:000    denominator   : 2
0:110  0:000   Calibrated ARTFrequency: 24003408
0:110  0:000  MSR 0xE2 before patch 1E008008
0:110  0:000  MSR 0xE2 is locked, PM patches will be turned on
0:110  0:000  MSR 0xCE              0004043B_F1011800
0:110  0:000  corrected FLEX_RATIO = 0
0:110  0:000  MSR 0x1B0             00000000
0:110  0:000  FSBFrequency = 96 MHz, DMI FSBFrequency = 100 MHz, Corrected FSBFrequency = 100 MHz
0:110  0:000  MaxDiv/MinDiv: 24.0/4
0:110  0:000  Turbo: 24/24/24/24
0:110  0:000  Features: 0xBFEBFBFF
0:110  0:000  Threads: 4
0:110  0:000  Cores: 2
0:110  0:000  FSB: 100 MHz
0:110  0:000  CPU: 2300 MHz
0:110  0:000  TSC: 2300 MHz
0:110  0:000  PIS: 100 MHz
0:110  0:000  ExternalClock: 25 MHz
0:110  0:000  === [ GetDevices ] ========================================
0:110  0:000  PCI (00|00:00.00) : 8086 5904 class=060000
0:110  0:000  PCI (00|00:02.00) : 8086 5916 class=030000
0:110  0:000   - GFX: Model=Intel HD Graphics 620 (Intel)
0:110  0:000  PCI (00|00:04.00) : 8086 1903 class=118000
0:110  0:000  PCI (00|00:14.00) : 8086 9D2F class=0C0330
0:110  0:000  PCI (00|00:14.02) : 8086 9D31 class=118000
0:110  0:000  PCI (00|00:15.00) : 8086 9D60 class=118000
0:110  0:000  PCI (00|00:15.01) : 8086 9D61 class=118000
0:110  0:000  PCI (00|00:16.00) : 8086 9D3A class=078000
0:110  0:000  PCI (00|00:17.00) : 8086 9D03 class=010601
0:110  0:000  PCI (00|00:1C.00) : 8086 9D10 class=060400
0:110  0:000  PCI (00|00:1C.05) : 8086 9D15 class=060400
0:110  0:000  PCI (00|02:00.00) : 14E4 43B1 class=028000
0:110  0:000   - WIFI: Vendor=Broadcom
0:110  0:000  PCI (00|00:1F.00) : 8086 9D58 class=060100
0:110  0:000  PCI (00|00:1F.02) : 8086 9D21 class=058000
0:110  0:000  PCI (00|00:1F.03) : 8086 9D71 class=040300
0:110  0:000  PCI (00|00:1F.04) : 8086 9D23 class=0C0500
0:110  0:000  === [ GetDefaultSettings ] ================================
0:110  0:000  Clover load options size = 0 bytes
0:118  0:007  EFI\CLOVER\config.plist loaded: Success
0:123  0:005  === [ GetListOfThemes ] ===================================
0:124  0:000  - [00]: random
0:127  0:003  - [00]: embedded
0:131  0:004  === [ Found config plists ] ===============================
0:134  0:002  - config.plist
0:135  0:000  === [ GetEarlyUserSettings ] ==============================
0:135  0:000  timeout set to 5
0:135  0:000  Custom boot CUSTOM_BOOT_DISABLED (0x0)
0:135  0:000  KernelToPatch: 3 requested
0:135  0:000   - [00]: MSR 0xE2 _xcpm_idle instant reboot(c) Pike R. Alpha :: data len: 8
0:135  0:000   - [01]: Disable panic kext logging on 10.13 release kernel (credit vit9696) :: MatchOS: 10.13.x :: data len: 6
0:135  0:000   - [02]: Disable panic kext logging on 10.14 release kernel (credit vit9696) :: MatchOS: 10.14.x :: data len: 6
0:135  0:000  Default theme: embedded
0:135  0:000  Hiding entries with string Preboot
0:135  0:000  === [ LoadDrivers ] =======================================
0:139  0:004  Loading FSInject.efi  status=Success
0:148  0:008  Loading HFSPlus.efi  status=Success
0:154  0:006   - driver needs connecting
0:154  0:000  Loading VirtualSmc.efi  status=Success
0:262  0:107  Loading DataHubDxe.efi  status=Success
0:274  0:011  Loading ApfsDriverLoader.efi  status=Success
0:280  0:006   - driver needs connecting
0:280  0:000  Loading AptioMemoryFix.efi  status=Success
0:390  0:109  2 drivers needs connecting ...
0:390  0:000  PlatformDriverOverrideProtocol not found. Installing ... Success
0:390  0:000  HFS+ driver loaded
0:390  0:000  APFS driver loaded
0:390  0:000  Searching for invalid DiskIo BY_DRIVER connects: not found, all ok
0:705  0:315  === [ InitScreen ] ========================================
0:705  0:000  Console modes reported: 4, available modes:
0:705  0:000   - [01]: 80x25 (current mode)
0:705  0:000   - [03]: 100x31
0:705  0:000   - [04]: 170x40
0:705  0:000  SetMaxResolution: found best mode 0: 1366x768
0:705  0:000   - already set
0:705  0:000  reinit: self device path=PciRoot(0x0)\Pci(0x17,0x0)\Sata(0x0,0xFFFF,0x0)\HD(1,GPT,543D0DB3-58FB-4F74-AA42-B10E0EE2DFF5,0x28,0x64000)
0:708  0:002  Using embedded font: Success
0:709  0:000  === [ GetMacAddress ] =====================================
0:709  0:000  === [ ScanSPD ] ===========================================
0:709  0:000  Scanning SMBus [8086:9D23], mmio: 0xEF332004, ioport: 0xF040, hostc: 0x11
0:728  0:018  Slot: 2 Type 26 4096MB 2400MHz Vendor=Samsung PartNo=M471A5244CB0-CRC SerialNo=01070D0205050401
0:729  0:000  === [ GetAcpiTablesList ] =================================
0:738  0:009  Get Acpi Tables List from RSDT:
0:738  0:000   - [00]: FACP  Notebook len=132
0:738  0:000   - [01]: APIC  Notebook len=132
0:738  0:000   - [02]: FPDT  Notebook len=68
0:738  0:000   - [03]: ECDT  Notebook len=193
0:738  0:000   - [04]: MCFG  Notebook len=60
0:738  0:000   - [05]: SSDT  SataTabl len=802
0:738  0:000   - [06]: FIDT  Notebook len=156
0:738  0:000   - [07]: SSDT  DptfTabl len=23480
0:738  0:000   - [08]: SSDT  SaSsdt  len=12633
0:738  0:000   - [09]: HPET  KBL-ULT len=56
0:738  0:000   - [10]: UEFI  EDK2     len=66
0:738  0:000   - [11]: SSDT  CpuSsdt len=3806
0:738  0:000   - [12]: LPIT  KBL-ULT len=148
0:738  0:000   - [13]: WSMT  KBL-ULT len=40
0:738  0:000   - [14]: SSDT  sensrhub len=671
0:738  0:000   - [15]: DBGP   len=52
0:738  0:000   - [16]: DBG2   len=84
0:738  0:000   - [17]: BGRT  Notebook len=56
0:738  0:000   - [18]: TPM2  Tpm2Tabl len=52
0:738  0:000  Calibrated TSC Frequency = 2400340880 = 2400MHz
0:738  0:000  === [ GetUserSettings ] ===================================
0:738  0:000  Add 2 devices:
0:739  0:000  USB FixOwnership: no
0:739  0:000  Dropping 3 tables:
0:739  0:000   - [00]: Drop table  signature="#MCF" (46434D23)
0:739  0:000           - set table: 46434D23,                0 to drop: no
0:739  0:000   - [01]: Drop table  signature="DMAR" (52414D44)
0:739  0:000           - set table: 52414D44,                0 to drop: no
0:739  0:000   - [02]: Drop table  signature="SSDT" (54445353) table-id="xh_rvp10" (30317076725F6878)
0:739  0:000           - set table: 54445353, 30317076725F6878 to drop: no
0:739  0:000   - final DSDT Fix mask=00000000
0:739  0:000  PatchesDSDT: 6 requested
0:739  0:000   - [00]: (change GFX0 to IGPU) lenToFind: 4, lenToReplace: 4, Target Bridge: <null string>
0:739  0:000   - [01]: (change HDAS to HDEF) lenToFind: 4, lenToReplace: 4, Target Bridge: <null string>
0:739  0:000   - [02]: (change HECI to IMEI) lenToFind: 4, lenToReplace: 4, Target Bridge: <null string>
0:739  0:000   - [03]: (change MEI to IMEI) lenToFind: 4, lenToReplace: 4, Target Bridge: <null string>
0:739  0:000   - [04]: (change SAT0 to SATA) lenToFind: 4, lenToReplace: 4, Target Bridge: <null string>
0:739  0:000   - [05]: (change LPC to LPCB) lenToFind: 4, lenToReplace: 4, Target Bridge: <null string>
0:739  0:000  Using ProductName from config: MacBookPro14,1
0:739  0:000  Using latest BiosVersion from clover
0:739  0:000  BiosVersion: MBP141.88Z.F000.B00.1906171613
0:739  0:000  BiosReleaseDate: 06/17/2019
0:739  0:000  Using latest EfiVersion from clover: 198.0.0.0.0
0:739  0:000  Using FirmwareFeatures from config: 0xFC0FE137
0:739  0:000  Using FirmwareFeaturesMask from config: 0xFF1FFF3F
0:739  0:000  Board-ID set from config as Mac-B4831CEBD52A0C4C
0:739  0:000  BoardType: 0xA
0:739  0:000  ChassisType: 0x9
0:742  0:003  === [ Found DSDT tables ] =================================
0:744  0:002  - DSDT.aml
0:746  0:001  - DSDT_rename.aml
0:961  0:215  === [ ScanVolumes ] =======================================
0:961  0:000  Found 7 volumes with blockIO
0:961  0:000  - [00]: Volume: PciRoot(0x0)\Pci(0x17,0x0)\Sata(0x0,0xFFFF,0x0)
0:962  0:000  - [01]: Volume: PciRoot(0x0)\Pci(0x17,0x0)\Sata(0x0,0xFFFF,0x0)\HD(1,GPT,543D0DB3-58FB-4F74-AA42-B10E0EE2DFF5,0x28,0x64000)
0:963  0:000          Result of bootcode detection: bootable unknown (legacy)
0:965  0:002          This is SelfVolume !!
0:965  0:000  - [02]: Volume: PciRoot(0x0)\Pci(0x17,0x0)\Sata(0x0,0xFFFF,0x0)\HD(2,GPT,A4245F4B-235F-490D-8375-23974F71DE85,0x64028,0x6F68EE0)
0:966  0:000          Result of bootcode detection: bootable unknown (legacy)
0:966  0:000  - [03]: Volume: PciRoot(0x0)\Pci(0x17,0x0)\Sata(0x0,0xFFFF,0x0)\HD(2,GPT,A4245F4B-235F-490D-8375-23974F71DE85,0x64028,0x6F68EE0)\VenMedia(BE74FCF7-0B7C-49F3-9147-01F4042E6842,5FF7A7C95697484396250D1833219DFF)
0:966  0:000          hiding this volume
0:966  0:000  - [04]: Volume: PciRoot(0x0)\Pci(0x17,0x0)\Sata(0x0,0xFFFF,0x0)\HD(2,GPT,A4245F4B-235F-490D-8375-23974F71DE85,0x64028,0x6F68EE0)\VenMedia(BE74FCF7-0B7C-49F3-9147-01F4042E6842,E91C4EB141633A3582B178C0DEF647EF)
0:966  0:000  - [05]: Volume: PciRoot(0x0)\Pci(0x17,0x0)\Sata(0x0,0xFFFF,0x0)\HD(2,GPT,A4245F4B-235F-490D-8375-23974F71DE85,0x64028,0x6F68EE0)\VenMedia(BE74FCF7-0B7C-49F3-9147-01F4042E6842,04E1D78BE0C2F441959E5B8BDA95F090)
0:966  0:000  - [06]: Volume: PciRoot(0x0)\Pci(0x17,0x0)\Sata(0x0,0xFFFF,0x0)\HD(2,GPT,A4245F4B-235F-490D-8375-23974F71DE85,0x64028,0x6F68EE0)\VenMedia(BE74FCF7-0B7C-49F3-9147-01F4042E6842,DBC783A334D3A349BEFE1373F2D2C4B7)
0:966  0:000  No AudioIoProtocols, status=Not Found
0:966  0:000  === [ InitTheme ] =========================================
0:966  0:000  use daylight theme
0:966  0:000   using embedded theme
0:966  0:000  got embedded sound
0:966  0:000    Channels: 2  Sample rate: 8000 Hz  Bits: 16
0:966  0:000  output to channel 0 with volume 70, len=25600
0:966  0:000   sound channels=2 bits=16 freq=8000
0:967  0:000  sound converted to 48kHz
0:967  0:000  not found AudioIo to play
0:967  0:000  sound play end with status=Not Found
0:967  0:000  Using embedded font: Success
0:967  0:000  theme inited
0:967  0:000  Chosen embedded theme
0:968  0:000  after NVRAM boot-args=-disablegfxfirmware -cdfon -igfxnohdmi lilucpu=9
0:968  0:000  === [ Dump SMC keys from NVRAM ] ==========================
0:968  0:000  found AppleSMC protocol
1:020  0:051  === [ ScanLoader ] ========================================
1:020  0:000  - [01]: 'EFI'
1:055  0:035          AddLoaderEntry for Volume Name=EFI
1:055  0:000          skipped because entry is hidden
1:055  0:000  - [03]: 'Preboot', hidden
1:055  0:000  - [04]: 'macOS'
1:081  0:025          AddLoaderEntry for Volume Name=macOS
1:087  0:006      hibernated: set as never
1:091  0:003  - [05]: 'Recovery'
1:091  0:000          AddLoaderEntry for Volume Name=Recovery
1:097  0:005  - [06]: 'VM'
1:097  0:000  Scanning legacy ...
1:097  0:000  === [ AddCustomTool ] =====================================
1:099  0:001  found tool \EFI\CLOVER\tools\Shell64U.efi
1:099  0:000  Checking EFI partition Volume 1 for Clover
1:102  0:003   Found Clover
1:103  0:000  === [ GetEfiBootDeviceFromNvram ] =========================
1:104  0:001   - efi-boot-device-data: PciRoot(0x0)\Pci(0x17,0x0)\Sata(0x0,0xFFFF,0x0)\HD(2,GPT,A4245F4B-235F-490D-8375-23974F71DE85,0x64028,0x6F68EE0)\VenMedia(BE74FCF7-0B7C-49F3-9147-01F4042E6842,E91C4EB141633A3582B178C0DEF647EF)
1:104  0:000    - Volume: 'PciRoot(0x0)\Pci(0x17,0x0)\Sata(0x0,0xFFFF,0x0)\HD(2,GPT,A4245F4B-235F-490D-8375-23974F71DE85,0x64028,0x6F68EE0)\VenMedia(BE74FCF7-0B7C-49F3-9147-01F4042E6842,E91C4EB141633A3582B178C0DEF647EF)'
1:104  0:000    - LoaderPath: '<null string>'
1:104  0:000    - Guid = A4245F4B-235F-490D-8375-23974F71DE85
1:104  0:000  === [ FindStartupDiskVolume ] =============================
1:104  0:000    - Volume: partition = PciRoot(0x0)\Pci(0x17,0x0)\Sata(0x0,0xFFFF,0x0)\HD(2,GPT,A4245F4B-235F-490D-8375-23974F71DE85,0x64028,0x6F68EE0)\VenMedia(BE74FCF7-0B7C-49F3-9147-01F4042E6842,E91C4EB141633A3582B178C0DEF647EF)
1:104  0:000     - searching for that partition
1:104  0:000      - found entry 0. 'Boot macOS from macOS', Volume 'macOS'
1:104  0:000  Boot redirected to Entry 0. 'Boot macOS from macOS'
1:104  0:000  DefaultIndex=0 and MainMenu.EntryCount=8
1:141  0:036  GUI ready
2:421  1:280  exit from MainMenu 1
10:792  8:371  exit from MainMenu 1
10:793  0:000  Boot option Boot0000 not found
10:793  0:000  === [ StartLoader ] =======================================
10:793  0:000  Finally: ExternalClock=26MHz BusSpeed=100015kHz CPUFreq=2400MHz PIS: hw.busfrequency=104000000Hz
10:793  0:000  Loading boot.efi  status=Success
10:834  0:041  GetOSVersion: 10.14.6 (18G87)
10:834  0:000  CSR_CFG: CSR_ALLOW_UNTRUSTED_KEXTS | CSR_ALLOW_UNRESTRICTED_FS | CSR_ALLOW_TASK_FOR_PID | CSR_ALLOW_UNRESTRICTED_DTRACE | CSR_ALLOW_UNRESTRICTED_NVRAM
10:834  0:000  Filtering KernelPatches:
10:834  0:000   - [00]: MSR 0xE2 _xcpm_idle instant reboot(c) Pike R. Alpha :: [OS: 10.14.6 | MatchOS: All | MatchBuild: no] ==> allowed by OS
10:834  0:000   - [01]: Disable panic kext logging on 10.13 release kernel (credit vit9696) :: [OS: 10.14.6 | MatchOS: 10.13.x | MatchBuild: no] ==> not allowed by OS
10:834  0:000   - [02]: Disable panic kext logging on 10.14 release kernel (credit vit9696) :: [OS: 10.14.6 | MatchOS: 10.14.x | MatchBuild: no] ==> allowed by OS
10:834  0:000  Will not patch boot.efi
10:834  0:000  === [ PatchSmbios ] =======================================
10:834  0:000  insert table 9 for dev 0:0
10:834  0:000  Table 11 present, but rewritten for us
10:835  0:000  Trusting SMBIOS...
10:835  0:000  Channels: 1
10:835  0:000  Interleave: 0 1 2 3 4 5 6 7 8 9 10 11 12 13 14 15 16 17 18 19 20 21 22 23
10:835  0:000  SMBIOS Type 17 Index = 0 => 0 0:
10:835  0:000  BANK 0 DIMM0 EMPTY
10:835  0:000  SMBIOS Type 17 Index = 1 => 1 1:
10:835  0:000  BANK 0 DIMM1 EMPTY
10:835  0:000   partNum=M471A5244CB0-CRC    
10:835  0:000  SMBIOS Type 17 Index = 2 => 2 2:
10:835  0:000  BANK 0 DIMM2 2400MHz 4096MB
10:835  0:000  mTotalSystemMemory = 4096
10:835  0:000  NumberOfMemoryDevices = 3
10:835  0:000  Type20[0]->End = 0x3FFFFF, Type17[2] = 0x1000
10:835  0:000  Table 131 is present, CPUType=31
10:835  0:000  Change to: 905
10:835  0:000  === [ PatchACPI ] =========================================
10:835  0:000  Xsdt reallocation done
10:835  0:000  old FADT length=114
10:835  0:000   SignatureFixup: 0x2EEE6087 -> 0x0
10:837  0:001  DSDT found in Clover volume OEM folder: EFI\CLOVER\ACPI\patched\DSDT_rename.aml
10:843  0:005  Apply DsdtFixMask=0x00000000
10:843  0:000     drop _DSM mask=0x0000
10:843  0:000  === [ FixBiosDsdt ] =======================================
10:843  0:000  Patching DSDT:
10:843  0:000   - [change GFX0 to IGPU]: pattern 47465830, bin not found / already patched!
10:843  0:000   - [change HDAS to HDEF]: pattern 48444153, bin not found / already patched!
10:843  0:000   - [change HECI to IMEI]: pattern 48454349, bin not found / already patched!
10:844  0:000   - [change MEI to IMEI]: pattern 4D45495F, bin not found / already patched!
10:844  0:000   - [change SAT0 to SATA]: pattern 53415430, bin not found / already patched!
10:844  0:000   - [change LPC to LPCB]: pattern 4C50435F, patched at: [ (A8BF) (8) (199AB) ]
10:845  0:000    0 replacements
10:846  0:000  PreCleanup XSDT: count=19, length=188
10:846  0:000  PreCleanup XSDT, corrected XSDT: count=19, length=188
10:846  0:000  === [ ACPIPatchedAML ] ====================================
10:846  0:000  AutoMerge pass 1
10:846  0:000  Unsorted
10:846  0:000  Inserting SSDT-USBX.aml from EFI\CLOVER\ACPI\patched: ignore on pass 1
10:846  0:000  Inserting SSDT-UIAC.aml from EFI\CLOVER\ACPI\patched: ignore on pass 1
10:846  0:000  === [ ACPIDropTables ] ====================================
10:846  0:000  Patching SSDT SataTabl Length=802
10:846  0:000  0. [change GFX0 to IGPU]: pattern 47465830, bin not found / already patched!
10:846  0:000  1. [change HDAS to HDEF]: pattern 48444153, bin not found / already patched!
10:846  0:000  2. [change HECI to IMEI]: pattern 48454349, bin not found / already patched!
10:846  0:000  3. [change MEI to IMEI]: pattern 4D45495F, bin not found / already patched!
10:846  0:000  4. [change SAT0 to SATA]: pattern 53415430, patched at: [ (26) (A7) ]
10:846  0:000  5. [change LPC to LPCB]: pattern 4C50435F, bin not found / already patched!
10:846  0:000    0 replacements
10:846  0:000  Patching SSDT DptfTabl Length=23480
10:846  0:000  0. [change GFX0 to IGPU]: pattern 47465830, bin not found / already patched!
10:846  0:000  1. [change HDAS to HDEF]: pattern 48444153, bin not found / already patched!
10:846  0:000  2. [change HECI to IMEI]: pattern 48454349, bin not found / already patched!
10:846  0:000  3. [change MEI to IMEI]: pattern 4D45495F, bin not found / already patched!
10:846  0:000  4. [change SAT0 to SATA]: pattern 53415430, bin not found / already patched!
10:846  0:000  5. [change LPC to LPCB]: pattern 4C50435F, bin not found / already patched!
10:846  0:000    0 replacements
10:846  0:000  Patching SSDT SaSsdt  Length=12633
10:846  0:000  0. [change GFX0 to IGPU]: pattern 47465830, patched at: [ (2D) (20) (46) (2A0) (1C8A) (A3A) (1D) (6EC) ]
10:846  0:000  1. [change HDAS to HDEF]: pattern 48444153, bin not found / already patched!
10:846  0:000  2. [change HECI to IMEI]: pattern 48454349, bin not found / already patched!
10:846  0:000  3. [change MEI to IMEI]: pattern 4D45495F, bin not found / already patched!
10:846  0:000  4. [change SAT0 to SATA]: pattern 53415430, bin not found / already patched!
10:846  0:000  5. [change LPC to LPCB]: pattern 4C50435F, bin not found / already patched!
10:846  0:000    0 replacements
10:846  0:000  Found OperationRegion(SANV, SystemMemory, 9AEA1358, ...)
10:846  0:000  Patching SSDT CpuSsdt Length=3806
10:846  0:000  0. [change GFX0 to IGPU]: pattern 47465830, bin not found / already patched!
10:846  0:000  1. [change HDAS to HDEF]: pattern 48444153, bin not found / already patched!
10:846  0:000  2. [change HECI to IMEI]: pattern 48454349, bin not found / already patched!
10:846  0:000  3. [change MEI to IMEI]: pattern 4D45495F, bin not found / already patched!
10:846  0:000  4. [change SAT0 to SATA]: pattern 53415430, bin not found / already patched!
10:846  0:000  5. [change LPC to LPCB]: pattern 4C50435F, bin not found / already patched!
10:846  0:000    0 replacements
10:846  0:000  Found OperationRegion(PNVS, SystemMemory, 94B9A000, ...)
10:846  0:000  Patching SSDT sensrhub Length=671
10:846  0:000  0. [change GFX0 to IGPU]: pattern 47465830, bin not found / already patched!
10:846  0:000  1. [change HDAS to HDEF]: pattern 48444153, bin not found / already patched!
10:846  0:000  2. [change HECI to IMEI]: pattern 48454349, bin not found / already patched!
10:846  0:000  3. [change MEI to IMEI]: pattern 4D45495F, bin not found / already patched!
10:846  0:000  4. [change SAT0 to SATA]: pattern 53415430, bin not found / already patched!
10:846  0:000  5. [change LPC to LPCB]: pattern 4C50435F, bin not found / already patched!
10:846  0:000    0 replacements
10:846  0:000  === [ ACPIPatchedAML ] ====================================
10:846  0:000  AutoMerge pass 2
10:846  0:000  Unsorted
10:846  0:000  Inserting SSDT-USBX.aml from EFI\CLOVER\ACPI\patched: size=185 ... Success
10:849  0:002  Inserting SSDT-UIAC.aml from EFI\CLOVER\ACPI\patched: size=346 ... Success
10:851  0:002  CPUBase=0 and ApicCPUBase=1 ApicCPUNum=1
10:851  0:000  Cleanup XSDT: count=21, length=204
10:851  0:000  corrected XSDT count=21, length=204
10:851  0:000  === [ RestSetup macOS ] ===================================
10:851  0:000  EdidDiscovered size=128
10:851  0:000  --- Discovered EDID Table size:128
10:851  0:000  000  |  00  FF  FF  FF  FF  FF  FF  00  06  AF
10:851  0:000  010  |  EC  70  00  00  00  00  01  19  01  04
10:851  0:000  020  |  95  22  13  78  02  50  25  93  58  57
10:851  0:000  030  |  92  29  22  50  54  00  00  00  01  01
10:851  0:000  040  |  01  01  01  01  01  01  01  01  01  01
10:851  0:000  050  |  01  01  01  01  CE  1D  56  C0  50  00
10:851  0:000  060  |  30  30  08  0A  31  00  58  C1  10  00
10:851  0:000  070  |  00  18  00  00  00  0F  00  00  00  00
10:851  0:000  080  |  00  00  00  00  00  00  00  00  00  20
10:851  0:000  090  |  00  00  00  FE  00  41  55  4F  0A  20
10:851  0:000  100  |  20  20  20  20  20  20  20  20  00  00
10:851  0:000  110  |  00  FE  00  42  31  35  36  58  54  4E
10:851  0:000  120  |  30  37  2E  30  20  0A  00  14
10:851  0:000  add device: PciRoot(0x0)/Pci(0x2,0x0)
10:851  0:000     Add key=model valuelen=22
10:851  0:000     Add key=hda-gfx valuelen=10
10:851  0:000     Add key=framebuffer-unifiedmem valuelen=4
10:851  0:000     Add key=framebuffer-stolenmem valuelen=4
10:851  0:000     Add key=framebuffer-patch-enable valuelen=4
10:851  0:000     Add key=framebuffer-fbmem valuelen=4
10:851  0:000     Add key=framebuffer-con1-enable valuelen=4
10:852  0:000     Add key=framebuffer-con1-alldata valuelen=24
10:852  0:000     Add key=device_type valuelen=26
10:852  0:000     Add key=AAPL,slot-name valuelen=9
10:852  0:000     Add key=AAPL,ig-platform-id valuelen=4
10:852  0:000  add device: PciRoot(0x0)/Pci(0x1F,0x3)
10:852  0:000     Add key=model valuelen=26
10:852  0:000     Add key=layout-id valuelen=4
10:852  0:000     Add key=hda-gfx valuelen=10
10:852  0:000     Add key=device_type valuelen=13
10:852  0:000     Add key=AAPL,slot-name valuelen=9
10:852  0:000  Intel HD Graphics 620 [8086:5916] :: PciRoot(0x0)\Pci(0x2,0x0)
10:852  0:000    ig-platform-id = 0x59160009
10:852  0:000  Intel GFX revision  = 0x2
10:852  0:000   RCBA disabled; cannot use it
10:852  0:000  stringlength = 2296
10:852  0:000  CurrentMode: Width=1366 Height=768
10:852  0:000  Beginning FSInjection
FSInjectionInstall ...
- Our FSI_SIMPLE_FILE_SYSTEM_PROTOCOL installed on handle: 97FE8F18
FSInjectionInstall ...
- Our FSI_SIMPLE_FILE_SYSTEM_PROTOCOL installed on handle: 97FE8F18
10:864  0:012  Use origin smbios table type 1 guid.
10:873  0:009  Preparing kexts injection for arch=x86_64 from EFI\CLOVER\kexts\Other
10:873  0:000  Extra kext: EFI\CLOVER\kexts\Other\NoTouchID.kext (v.1.0.2)
10:881  0:007  Extra kext: EFI\CLOVER\kexts\Other\VoodooI2C.kext (v.2.2)
10:889  0:008    |-- PlugIn kext: EFI\CLOVER\kexts\Other\VoodooI2C.kext\Contents\PlugIns\VoodooI2CServices.kext (v.1)
10:898  0:008    |-- PlugIn kext: EFI\CLOVER\kexts\Other\VoodooI2C.kext\Contents\PlugIns\VoodooGPIO.kext (v.1.1)
10:905  0:007  Extra kext: EFI\CLOVER\kexts\Other\BrcmPatchRAM2.kext (v.2.2.10)
10:923  0:017  Extra kext: EFI\CLOVER\kexts\Other\VoodooPS2Controller.kext (v.1.9.2)
10:940  0:016    |-- PlugIn kext: EFI\CLOVER\kexts\Other\VoodooPS2Controller.kext\Contents\PlugIns\VoodooPS2Mouse.kext (v.1.9.2)
10:946  0:006    |-- PlugIn kext: EFI\CLOVER\kexts\Other\VoodooPS2Controller.kext\Contents\PlugIns\VoodooPS2Keyboard.kext (v.1.9.2)
10:954  0:007    |-- PlugIn kext: EFI\CLOVER\kexts\Other\VoodooPS2Controller.kext\Contents\PlugIns\VoodooPS2Trackpad.kext (v.1.9.2)
10:962  0:008  Extra kext: EFI\CLOVER\kexts\Other\VirtualSMC.kext (v.1.0.6)
10:970  0:007  Extra kext: EFI\CLOVER\kexts\Other\LiluFriend.kext (v.1.1.0)
10:976  0:006  Extra kext: EFI\CLOVER\kexts\Other\VoodooI2CHID.kext (v.1)
10:986  0:009  Extra kext: EFI\CLOVER\kexts\Other\AsusSMC.kext (v.1.1.1)
10:993  0:007  Extra kext: EFI\CLOVER\kexts\Other\CPUFriend.kext (v.1.1.8)
11:002  0:009  Extra kext: EFI\CLOVER\kexts\Other\USBInjectAll.kext (v.0.7.1)
11:090  0:087  Extra kext: EFI\CLOVER\kexts\Other\SMCProcessor.kext (v.1.0.6)
11:097  0:007  Extra kext: EFI\CLOVER\kexts\Other\CPUFriendDataProvider.kext (v.1.0.0)
11:102  0:005  Extra kext: EFI\CLOVER\kexts\Other\SMCBatteryManager.kext (v.1)
11:109  0:007  Extra kext: EFI\CLOVER\kexts\Other\WhateverGreen.kext (v.1.3.0)
11:125  0:015  Extra kext: EFI\CLOVER\kexts\Other\SMCSuperIO.kext (v.1.0.6)
11:132  0:007  Extra kext: EFI\CLOVER\kexts\Other\AppleALC.kext (v.1.3.9)
11:263  0:130  Extra kext: EFI\CLOVER\kexts\Other\AirportBrcmFixup.kext (v.2.0.2)
11:272  0:009  Extra kext: EFI\CLOVER\kexts\Other\BrcmFirmwareData.kext (v.2.2.10)
11:288  0:015  Extra kext: EFI\CLOVER\kexts\Other\Lilu.kext (v.1.3.7)
11:296  0:008  Extra kext: EFI\CLOVER\kexts\Other\RealtekRTL8100.kext (v.2.0.1)
11:311  0:014  SetStartupDiskVolume:
11:311  0:000    * Volume: 'macOS'
11:311  0:000    * LoaderPath: '<null string>'
11:311  0:000    * DevPath: macOS
11:311  0:000    * GUID = A4245F4B-235F-490D-8375-23974F71DE85
11:312  0:000    * efi-boot-device: <array><dict><key>IOMatch</key><dict><key>IOProviderClass</key><string>IOMedia</string><key>IOPropertyMatch</key><dict><key>UUID</key><string>A4245F4B-235F-490D-8375-23974F71DE85</string></dict></dict></dict></array>
11:312  0:000  SetScreenResolution: 1366x768 - already set
11:312  0:000  Custom boot is disabled
11:314  0:001  Closing log
